Started GET "/" for 127.0.0.1 at 2018-08-28 08:23:16 -0500
Processing by Rails::WelcomeController#index as HTML
  Rendering C:/RailsInstaller/Ruby2.3.3/lib/ruby/gems/2.3.0/gems/railties-5.1.6/lib/rails/templates/rails/welcome/index.html.erb
  Rendered C:/RailsInstaller/Ruby2.3.3/lib/ruby/gems/2.3.0/gems/railties-5.1.6/lib/rails/templates/rails/welcome/index.html.erb (3.0ms)
Completed 200 OK in 236ms (Views: 26.9ms)


Started GET "/" for 127.0.0.1 at 2018-09-12 10:37:28 -0500
Processing by IndexController#index as HTML
  Rendering index/index.html.erb within layouts/application
  Rendered index/index.html.erb within layouts/application (2.0ms)
Completed 500 Internal Server Error in 1446ms


  
ActionView::Template::Error (require_tree argument must be a directory):
     6:     <meta charset="utf-8">
     7:     <meta http-equiv="X-UA-Compatible" content="IE=edge">
     8:     <meta name="viewport" content="width=device-width, initial-scale=1">
     9:     <%= stylesheet_link_tag    'application', media: 'all', 'data-turbolinks-track': 'reload' %>
    10:     <%= javascript_include_tag 'application', 'data-turbolinks-track': 'reload' %>
    11:     <!-- <link href="assets/stylesheets/bootstrap.min.css" rel="stylesheet"> -->
    12:   </head>
  
app/assets/javascripts/cable.js:6
app/views/layouts/application.html.erb:9:in `_app_views_layouts_application_html_erb__82188123_44681652'
Started GET "/favicon.ico" for 127.0.0.1 at 2018-09-12 10:37:39 -0500
  
ActionController::RoutingError (No route matches [GET] "/favicon.ico"):
  
actionpack (5.1.6) lib/action_dispatch/middleware/debug_exceptions.rb:63:in `call'
web-console (3.6.2) lib/web_console/middleware.rb:135:in `call_app'
web-console (3.6.2) lib/web_console/middleware.rb:30:in `block in call'
web-console (3.6.2) lib/web_console/middleware.rb:20:in `catch'
web-console (3.6.2) lib/web_console/middleware.rb:20:in `call'
actionpack (5.1.6) lib/action_dispatch/middleware/show_exceptions.rb:31:in `call'
railties (5.1.6) lib/rails/rack/logger.rb:36:in `call_app'
railties (5.1.6) lib/rails/rack/logger.rb:24:in `block in call'
activesupport (5.1.6) lib/active_support/tagged_logging.rb:69:in `block in tagged'
activesupport (5.1.6) lib/active_support/tagged_logging.rb:26:in `tagged'
activesupport (5.1.6) lib/active_support/tagged_logging.rb:69:in `tagged'
railties (5.1.6) lib/rails/rack/logger.rb:24:in `call'
sprockets-rails (3.2.1) lib/sprockets/rails/quiet_assets.rb:13:in `call'
actionpack (5.1.6) lib/action_dispatch/middleware/remote_ip.rb:79:in `call'
actionpack (5.1.6) lib/action_dispatch/middleware/request_id.rb:25:in `call'
rack (2.0.5) lib/rack/method_override.rb:22:in `call'
rack (2.0.5) lib/rack/runtime.rb:22:in `call'
activesupport (5.1.6) lib/active_support/cache/strategy/local_cache_middleware.rb:27:in `call'
actionpack (5.1.6) lib/action_dispatch/middleware/executor.rb:12:in `call'
actionpack (5.1.6) lib/action_dispatch/middleware/static.rb:125:in `call'
rack (2.0.5) lib/rack/sendfile.rb:111:in `call'
railties (5.1.6) lib/rails/engine.rb:522:in `call'
puma (3.12.0) lib/puma/configuration.rb:225:in `call'
puma (3.12.0) lib/puma/server.rb:658:in `handle_request'
puma (3.12.0) lib/puma/server.rb:472:in `process_client'
puma (3.12.0) lib/puma/server.rb:332:in `block in run'
puma (3.12.0) lib/puma/thread_pool.rb:133:in `block in spawn_thread'
Started GET "/" for 127.0.0.1 at 2018-09-12 10:44:27 -0500
Processing by IndexController#index as HTML
  Rendering index/index.html.erb within layouts/application
  Rendered index/index.html.erb within layouts/application (1.0ms)
  Rendered index/_header.html.erb (0.0ms)
Completed 500 Internal Server Error in 761ms


  
ActionView::Template::Error (Missing partial index/_footer with {:locale=>[:en], :formats=>[:html], :variants=>[], :handlers=>[:raw, :erb, :html, :builder, :ruby, :coffee, :jbuilder]}. Searched in:
  * "C:/Users/Nadine/Desktop/VS Code Scripts/OskamFoundation/OskamFoundation/OskamFoundation/app/views"
):
    14:   <body>
    15:     <%= render :partial => 'index/header' %>
    16:     <%= yield %>
    17:     <%= render :partial => 'index/footer'%>
    18:   </body>
    19: </html>
  
app/views/layouts/application.html.erb:17:in `_app_views_layouts_application_html_erb__82188123_82905816'
Started GET "/" for 127.0.0.1 at 2018-09-12 10:44:51 -0500
Processing by IndexController#index as HTML
  Rendering index/index.html.erb within layouts/application
  Rendered index/index.html.erb within layouts/application (1.0ms)
  Rendered index/_header.html.erb (1.0ms)
  Rendered index/_footer.html.erb (0.0ms)
Completed 200 OK in 383ms (Views: 338.4ms)


Started GET "/" for 127.0.0.1 at 2018-09-12 10:46:10 -0500
Processing by IndexController#index as HTML
  Rendering index/index.html.erb within layouts/application
  Rendered index/index.html.erb within layouts/application (0.0ms)
  Rendered index/_header.html.erb (0.0ms)
  Rendered index/_footer.html.erb (0.0ms)
Completed 200 OK in 386ms (Views: 328.7ms)


Started GET "/" for 127.0.0.1 at 2018-09-12 10:46:16 -0500
Processing by IndexController#index as HTML
  Rendering index/index.html.erb within layouts/application
  Rendered index/index.html.erb within layouts/application (1.0ms)
  Rendered index/_header.html.erb (0.0ms)
  Rendered index/_footer.html.erb (0.0ms)
Completed 200 OK in 377ms (Views: 333.1ms)


Started GET "/" for 127.0.0.1 at 2018-09-12 10:46:50 -0500
Processing by IndexController#index as HTML
  Rendering index/index.html.erb within layouts/application
  Rendered index/index.html.erb within layouts/application (1.0ms)
  Rendered index/_header.html.erb (1.0ms)
  Rendered index/_footer.html.erb (0.0ms)
Completed 200 OK in 375ms (Views: 330.6ms)


Started GET "/" for 127.0.0.1 at 2018-09-12 10:52:00 -0500
Processing by IndexController#index as HTML
  Rendering index/index.html.erb within layouts/application
  Rendered index/index.html.erb within layouts/application (2.0ms)
  Rendered index/_header.html.erb (1.0ms)
Completed 500 Internal Server Error in 1207ms


  
SyntaxError (C:/Users/Nadine/Desktop/VS Code Scripts/OskamFoundation/OskamFoundation/OskamFoundation/app/views/index/_header.html.erb:15: unknown regexp option - a
C:/Users/Nadine/Desktop/VS Code Scripts/OskamFoundation/OskamFoundation/OskamFoundation/app/views/index/_header.html.erb:15: syntax error, unexpected '<'
        <li><a href="#">Memories of Maxwell</a></li>
                                                ^
C:/Users/Nadine/Desktop/VS Code Scripts/OskamFoundation/OskamFoundation/OskamFoundation/app/views/index/_header.html.erb:16: unknown regexp option - a
C:/Users/Nadine/Desktop/VS Code Scripts/OskamFoundation/OskamFoundation/OskamFoundation/app/views/index/_header.html.erb:16: syntax error, unexpected '<'
        <li><a href="#">Miles for Maxwell</a></li>
                                              ^
C:/Users/Nadine/Desktop/VS Code Scripts/OskamFoundation/OskamFoundation/OskamFoundation/app/views/index/_header.html.erb:17: unknown regexp option - a
C:/Users/Nadine/Desktop/VS Code Scripts/OskamFoundation/OskamFoundation/OskamFoundation/app/views/index/_header.html.erb:17: syntax error, unexpected '<'
        <li><a href="#">Maxs Active Love Movement</a></li>
                                                      ^
C:/Users/Nadine/Desktop/VS Code Scripts/OskamFoundation/OskamFoundation/OskamFoundation/app/views/index/_header.html.erb:18: unknown regexp option - a
C:/Users/Nadine/Desktop/VS Code Scripts/OskamFoundation/OskamFoundation/OskamFoundation/app/views/index/_header.html.erb:18: syntax error, unexpected '<'
        <li><a href="#">Events</a></li>
                                   ^
C:/Users/Nadine/Desktop/VS Code Scripts/OskamFoundation/OskamFoundation/OskamFoundation/app/views/index/_header.html.erb:19: unknown regexp option - a
C:/Users/Nadine/Desktop/VS Code Scripts/OskamFoundation/OskamFoundation/OskamFoundation/app/views/index/_header.html.erb:19: syntax error, unexpected '<'
        <li><a href="#">Donate</a></li>
                                   ^
C:/Users/Nadine/Desktop/VS Code Scripts/OskamFoundation/OskamFoundation/OskamFoundation/app/views/index/_header.html.erb:20: unknown regexp option - a
C:/Users/Nadine/Desktop/VS Code Scripts/OskamFoundation/OskamFoundation/OskamFoundation/app/views/index/_header.html.erb:20: syntax error, unexpected '<'
        <li><a href="#">Market</a></li>
                                   ^
C:/Users/Nadine/Desktop/VS Code Scripts/OskamFoundation/OskamFoundation/OskamFoundation/app/views/index/_header.html.erb:21: unknown regexp option - a
C:/Users/Nadine/Desktop/VS Code Scripts/OskamFoundation/OskamFoundation/OskamFoundation/app/views/index/_header.html.erb:21: syntax error, unexpected '<'
        <li><a href="#">Milestones</a></li>
                                       ^
C:/Users/Nadine/Desktop/VS Code Scripts/OskamFoundation/OskamFoundation/OskamFoundation/app/views/index/_header.html.erb:24: unknown regexp option - a
unmatched close parenthesis: /li>
        <% if false );@output_buffer.safe_append='
'.freeze;@output_buffer.safe_append='        # <li class="dropdown">
        #   <a href="#" class="dropdown-toggle" data-toggle="dropdown">External Links<span class=\'caret\'></
C:/Users/Nadine/Desktop/VS Code Scripts/OskamFoundation/OskamFoundation/OskamFoundation/app/views/index/_header.html.erb:32: unknown regexp options - dv
C:/Users/Nadine/Desktop/VS Code Scripts/OskamFoundation/OskamFoundation/OskamFoundation/app/views/index/_header.html.erb:33: syntax error, unexpected '<'
  </div>
   ^
C:/Users/Nadine/Desktop/VS Code Scripts/OskamFoundation/OskamFoundation/OskamFoundation/app/views/index/_header.html.erb:34: unknown regexp options - av
C:/Users/Nadine/Desktop/VS Code Scripts/OskamFoundation/OskamFoundation/OskamFoundation/app/views/index/_header.html.erb:34: unterminated string meets end of file
C:/Users/Nadine/Desktop/VS Code Scripts/OskamFoundation/OskamFoundation/OskamFoundation/app/views/index/_header.html.erb:34: syntax error, unexpected end-of-input, expecting ')'):
  
app/views/index/_header.html.erb:15: unknown regexp option - a
app/views/index/_header.html.erb:15: syntax error, unexpected '<'
app/views/index/_header.html.erb:16: unknown regexp option - a
app/views/index/_header.html.erb:16: syntax error, unexpected '<'
app/views/index/_header.html.erb:17: unknown regexp option - a
app/views/index/_header.html.erb:17: syntax error, unexpected '<'
app/views/index/_header.html.erb:18: unknown regexp option - a
app/views/index/_header.html.erb:18: syntax error, unexpected '<'
app/views/index/_header.html.erb:19: unknown regexp option - a
app/views/index/_header.html.erb:19: syntax error, unexpected '<'
app/views/index/_header.html.erb:20: unknown regexp option - a
app/views/index/_header.html.erb:20: syntax error, unexpected '<'
app/views/index/_header.html.erb:21: unknown regexp option - a
app/views/index/_header.html.erb:21: syntax error, unexpected '<'
app/views/index/_header.html.erb:24: unknown regexp option - a
app/views/index/_header.html.erb:32: unknown regexp options - dv
app/views/index/_header.html.erb:33: syntax error, unexpected '<'
app/views/index/_header.html.erb:34: unknown regexp options - av
app/views/index/_header.html.erb:34: unterminated string meets end of file
app/views/index/_header.html.erb:34: syntax error, unexpected end-of-input, expecting ')'
app/views/layouts/application.html.erb:15:in `_app_views_layouts_application_html_erb___547927731_44427708'
Started GET "/" for 127.0.0.1 at 2018-09-12 10:52:25 -0500
Processing by IndexController#index as HTML
  Rendering index/index.html.erb within layouts/application
  Rendered index/index.html.erb within layouts/application (1.0ms)
  Rendered index/_header.html.erb (46.0ms)
Completed 500 Internal Server Error in 384ms


  
ActionView::Template::Error (No route matches {:action=>"show", :controller=>"maxs_mission"}, missing required keys: [:id]):
    11:     </div>
    12:     <div id='bs-docs-example-navbar-collapse-1'>
    13:       <ul class="nav navbar-nav">
    14:         <li><%= link_to 'Maxs Mission', maxs_mission_path %></li>
    15:         <li><a href="#">Memories of Maxwell</a></li>
    16:         <li><a href="#">Miles for Maxwell</a></li>
    17:         <li><a href="#">Maxs Active Love Movement</a></li>
  
app/views/index/_header.html.erb:14:in `_app_views_index__header_html_erb___67943995_56841828'
app/views/layouts/application.html.erb:15:in `_app_views_layouts_application_html_erb___547927731_79190940'
Started GET "/" for 127.0.0.1 at 2018-09-12 10:54:04 -0500
  
SyntaxError (C:/Users/Nadine/Desktop/VS Code Scripts/OskamFoundation/OskamFoundation/OskamFoundation/config/routes.rb:3: syntax error, unexpected tIDENTIFIER, expecting keyword_end
  get 'maxs_mission' to 'maxs_mission#index'
                       ^):
  
config/routes.rb:3: syntax error, unexpected tIDENTIFIER, expecting keyword_end
Started GET "/" for 127.0.0.1 at 2018-09-12 10:54:25 -0500
  
SyntaxError (C:/Users/Nadine/Desktop/VS Code Scripts/OskamFoundation/OskamFoundation/OskamFoundation/config/routes.rb:3: syntax error, unexpected tIDENTIFIER, expecting keyword_end
  get 'maxs_mission' to: 'maxs_mission#index'
                       ^):
  
config/routes.rb:3: syntax error, unexpected tIDENTIFIER, expecting keyword_end
Started GET "/" for 127.0.0.1 at 2018-09-12 10:54:52 -0500
Processing by IndexController#index as HTML
  Rendering index/index.html.erb within layouts/application
  Rendered index/index.html.erb within layouts/application (0.0ms)
  Rendered index/_header.html.erb (0.0ms)
  Rendered index/_footer.html.erb (0.0ms)
Completed 200 OK in 380ms (Views: 334.3ms)


Started GET "/maxs_mission" for 127.0.0.1 at 2018-09-12 10:55:06 -0500
  
LoadError (Unable to autoload constant MaxsMissionController, expected C:/Users/Nadine/Desktop/VS Code Scripts/OskamFoundation/OskamFoundation/OskamFoundation/app/controllers/maxs_mission_controller.rb to define it):
  
activesupport (5.1.6) lib/active_support/dependencies.rb:512:in `load_missing_constant'
activesupport (5.1.6) lib/active_support/dependencies.rb:202:in `const_missing'
activesupport (5.1.6) lib/active_support/inflector/methods.rb:269:in `const_get'
activesupport (5.1.6) lib/active_support/inflector/methods.rb:269:in `block in constantize'
activesupport (5.1.6) lib/active_support/inflector/methods.rb:267:in `each'
activesupport (5.1.6) lib/active_support/inflector/methods.rb:267:in `inject'
activesupport (5.1.6) lib/active_support/inflector/methods.rb:267:in `constantize'
activesupport (5.1.6) lib/active_support/dependencies.rb:583:in `get'
activesupport (5.1.6) lib/active_support/dependencies.rb:614:in `constantize'
actionpack (5.1.6) lib/action_dispatch/http/request.rb:85:in `controller_class_for'
actionpack (5.1.6) lib/action_dispatch/http/parameters.rb:99:in `binary_params_for?'
actionpack (5.1.6) lib/action_dispatch/http/parameters.rb:90:in `set_binary_encoding'
actionpack (5.1.6) lib/action_dispatch/http/parameters.rb:67:in `path_parameters='
actionpack (5.1.6) lib/action_dispatch/journey/router.rb:48:in `block in serve'
actionpack (5.1.6) lib/action_dispatch/journey/router.rb:33:in `each'
actionpack (5.1.6) lib/action_dispatch/journey/router.rb:33:in `serve'
actionpack (5.1.6) lib/action_dispatch/routing/route_set.rb:844:in `call'
rack (2.0.5) lib/rack/etag.rb:25:in `call'
rack (2.0.5) lib/rack/conditional_get.rb:25:in `call'
rack (2.0.5) lib/rack/head.rb:12:in `call'
rack (2.0.5) lib/rack/session/abstract/id.rb:232:in `context'
rack (2.0.5) lib/rack/session/abstract/id.rb:226:in `call'
actionpack (5.1.6) lib/action_dispatch/middleware/cookies.rb:613:in `call'
activerecord (5.1.6) lib/active_record/migration.rb:556:in `call'
actionpack (5.1.6) lib/action_dispatch/middleware/callbacks.rb:26:in `block in call'
activesupport (5.1.6) lib/active_support/callbacks.rb:97:in `run_callbacks'
actionpack (5.1.6) lib/action_dispatch/middleware/callbacks.rb:24:in `call'
actionpack (5.1.6) lib/action_dispatch/middleware/executor.rb:12:in `call'
actionpack (5.1.6) lib/action_dispatch/middleware/debug_exceptions.rb:59:in `call'
web-console (3.6.2) lib/web_console/middleware.rb:135:in `call_app'
web-console (3.6.2) lib/web_console/middleware.rb:30:in `block in call'
web-console (3.6.2) lib/web_console/middleware.rb:20:in `catch'
web-console (3.6.2) lib/web_console/middleware.rb:20:in `call'
actionpack (5.1.6) lib/action_dispatch/middleware/show_exceptions.rb:31:in `call'
railties (5.1.6) lib/rails/rack/logger.rb:36:in `call_app'
railties (5.1.6) lib/rails/rack/logger.rb:24:in `block in call'
activesupport (5.1.6) lib/active_support/tagged_logging.rb:69:in `block in tagged'
activesupport (5.1.6) lib/active_support/tagged_logging.rb:26:in `tagged'
activesupport (5.1.6) lib/active_support/tagged_logging.rb:69:in `tagged'
railties (5.1.6) lib/rails/rack/logger.rb:24:in `call'
sprockets-rails (3.2.1) lib/sprockets/rails/quiet_assets.rb:13:in `call'
actionpack (5.1.6) lib/action_dispatch/middleware/remote_ip.rb:79:in `call'
actionpack (5.1.6) lib/action_dispatch/middleware/request_id.rb:25:in `call'
rack (2.0.5) lib/rack/method_override.rb:22:in `call'
rack (2.0.5) lib/rack/runtime.rb:22:in `call'
activesupport (5.1.6) lib/active_support/cache/strategy/local_cache_middleware.rb:27:in `call'
actionpack (5.1.6) lib/action_dispatch/middleware/executor.rb:12:in `call'
actionpack (5.1.6) lib/action_dispatch/middleware/static.rb:125:in `call'
rack (2.0.5) lib/rack/sendfile.rb:111:in `call'
railties (5.1.6) lib/rails/engine.rb:522:in `call'
puma (3.12.0) lib/puma/configuration.rb:225:in `call'
puma (3.12.0) lib/puma/server.rb:658:in `handle_request'
puma (3.12.0) lib/puma/server.rb:472:in `process_client'
puma (3.12.0) lib/puma/server.rb:332:in `block in run'
puma (3.12.0) lib/puma/thread_pool.rb:133:in `block in spawn_thread'
Started POST "/__web_console/repl_sessions/f7517c97f21d8cce0cb074a58c7938c9/trace" for 127.0.0.1 at 2018-09-12 10:55:16 -0500
Started GET "/maxs_mission" for 127.0.0.1 at 2018-09-12 10:58:14 -0500
Processing by MaxsMissionController#index as HTML
  Rendering maxs_mission/index.html.erb within layouts/application
  Rendered maxs_mission/index.html.erb within layouts/application (0.0ms)
  Rendered index/_header.html.erb (1.0ms)
  Rendered index/_footer.html.erb (1.0ms)
Completed 200 OK in 377ms (Views: 332.0ms)


Started GET "/maxs_mission" for 127.0.0.1 at 2018-09-12 10:58:16 -0500
Processing by MaxsMissionController#index as HTML
  Rendering maxs_mission/index.html.erb within layouts/application
  Rendered maxs_mission/index.html.erb within layouts/application (0.0ms)
  Rendered index/_header.html.erb (1.0ms)
  Rendered index/_footer.html.erb (0.0ms)
Completed 200 OK in 377ms (Views: 334.0ms)


Started GET "/" for 127.0.0.1 at 2018-09-12 11:02:27 -0500
Processing by IndexController#index as HTML
  Rendering index/index.html.erb within layouts/application
  Rendered index/index.html.erb within layouts/application (0.0ms)
  Rendered index/_header.html.erb (1.0ms)
  Rendered index/_footer.html.erb (0.0ms)
Completed 200 OK in 375ms (Views: 329.4ms)


Started GET "/" for 127.0.0.1 at 2018-09-12 11:06:09 -0500
Processing by IndexController#index as HTML
  Rendering index/index.html.erb within layouts/application
  Rendered index/index.html.erb within layouts/application (62.0ms)
Completed 500 Internal Server Error in 236ms


  
ActionView::Template::Error (The asset "HeartCloud.jpg" is not present in the asset pipeline.):
    1: <div>
    2:   <h1 align='center'>Maxwell James Foundation</h1>
    3:   <h4 align='center'>Supporting Research and Awareness of Neuroblastoma </h4>
    4:   <%= image_tag("HeartCloud.jpg") %>
    5: </div>
  
app/views/index/index.html.erb:4:in `_app_views_index_index_html_erb__1056555730_100885776'
Started GET "/" for 127.0.0.1 at 2018-09-12 11:07:39 -0500
Processing by IndexController#index as HTML
  Rendering index/index.html.erb within layouts/application
  Rendered index/index.html.erb within layouts/application (0.0ms)
  Rendered index/_header.html.erb (1.0ms)
  Rendered index/_footer.html.erb (1.0ms)
Completed 200 OK in 372ms (Views: 328.4ms)


Started GET "/app/assets/images/HeartCloud.jpg" for 127.0.0.1 at 2018-09-12 11:07:39 -0500
  
ActionController::RoutingError (No route matches [GET] "/app/assets/images/HeartCloud.jpg"):
  
actionpack (5.1.6) lib/action_dispatch/middleware/debug_exceptions.rb:63:in `call'
web-console (3.6.2) lib/web_console/middleware.rb:135:in `call_app'
web-console (3.6.2) lib/web_console/middleware.rb:30:in `block in call'
web-console (3.6.2) lib/web_console/middleware.rb:20:in `catch'
web-console (3.6.2) lib/web_console/middleware.rb:20:in `call'
actionpack (5.1.6) lib/action_dispatch/middleware/show_exceptions.rb:31:in `call'
railties (5.1.6) lib/rails/rack/logger.rb:36:in `call_app'
railties (5.1.6) lib/rails/rack/logger.rb:24:in `block in call'
activesupport (5.1.6) lib/active_support/tagged_logging.rb:69:in `block in tagged'
activesupport (5.1.6) lib/active_support/tagged_logging.rb:26:in `tagged'
activesupport (5.1.6) lib/active_support/tagged_logging.rb:69:in `tagged'
railties (5.1.6) lib/rails/rack/logger.rb:24:in `call'
sprockets-rails (3.2.1) lib/sprockets/rails/quiet_assets.rb:13:in `call'
actionpack (5.1.6) lib/action_dispatch/middleware/remote_ip.rb:79:in `call'
actionpack (5.1.6) lib/action_dispatch/middleware/request_id.rb:25:in `call'
rack (2.0.5) lib/rack/method_override.rb:22:in `call'
rack (2.0.5) lib/rack/runtime.rb:22:in `call'
activesupport (5.1.6) lib/active_support/cache/strategy/local_cache_middleware.rb:27:in `call'
actionpack (5.1.6) lib/action_dispatch/middleware/executor.rb:12:in `call'
actionpack (5.1.6) lib/action_dispatch/middleware/static.rb:125:in `call'
rack (2.0.5) lib/rack/sendfile.rb:111:in `call'
railties (5.1.6) lib/rails/engine.rb:522:in `call'
puma (3.12.0) lib/puma/configuration.rb:225:in `call'
puma (3.12.0) lib/puma/server.rb:658:in `handle_request'
puma (3.12.0) lib/puma/server.rb:472:in `process_client'
puma (3.12.0) lib/puma/server.rb:332:in `block in run'
puma (3.12.0) lib/puma/thread_pool.rb:133:in `block in spawn_thread'
Started GET "/" for 127.0.0.1 at 2018-09-12 11:09:17 -0500
Processing by IndexController#index as HTML
  Rendering index/index.html.erb within layouts/application
  Rendered index/index.html.erb within layouts/application (1.0ms)
  Rendered index/_header.html.erb (0.0ms)
  Rendered index/_footer.html.erb (1.0ms)
Completed 200 OK in 381ms (Views: 336.5ms)


Started GET "/app/assets/images/HeartCloud.jpg" for 127.0.0.1 at 2018-09-12 11:09:18 -0500
  
ActionController::RoutingError (No route matches [GET] "/app/assets/images/HeartCloud.jpg"):
  
actionpack (5.1.6) lib/action_dispatch/middleware/debug_exceptions.rb:63:in `call'
web-console (3.6.2) lib/web_console/middleware.rb:135:in `call_app'
web-console (3.6.2) lib/web_console/middleware.rb:30:in `block in call'
web-console (3.6.2) lib/web_console/middleware.rb:20:in `catch'
web-console (3.6.2) lib/web_console/middleware.rb:20:in `call'
actionpack (5.1.6) lib/action_dispatch/middleware/show_exceptions.rb:31:in `call'
railties (5.1.6) lib/rails/rack/logger.rb:36:in `call_app'
railties (5.1.6) lib/rails/rack/logger.rb:24:in `block in call'
activesupport (5.1.6) lib/active_support/tagged_logging.rb:69:in `block in tagged'
activesupport (5.1.6) lib/active_support/tagged_logging.rb:26:in `tagged'
activesupport (5.1.6) lib/active_support/tagged_logging.rb:69:in `tagged'
railties (5.1.6) lib/rails/rack/logger.rb:24:in `call'
sprockets-rails (3.2.1) lib/sprockets/rails/quiet_assets.rb:13:in `call'
actionpack (5.1.6) lib/action_dispatch/middleware/remote_ip.rb:79:in `call'
actionpack (5.1.6) lib/action_dispatch/middleware/request_id.rb:25:in `call'
rack (2.0.5) lib/rack/method_override.rb:22:in `call'
rack (2.0.5) lib/rack/runtime.rb:22:in `call'
activesupport (5.1.6) lib/active_support/cache/strategy/local_cache_middleware.rb:27:in `call'
actionpack (5.1.6) lib/action_dispatch/middleware/executor.rb:12:in `call'
actionpack (5.1.6) lib/action_dispatch/middleware/static.rb:125:in `call'
rack (2.0.5) lib/rack/sendfile.rb:111:in `call'
railties (5.1.6) lib/rails/engine.rb:522:in `call'
puma (3.12.0) lib/puma/configuration.rb:225:in `call'
puma (3.12.0) lib/puma/server.rb:658:in `handle_request'
puma (3.12.0) lib/puma/server.rb:472:in `process_client'
puma (3.12.0) lib/puma/server.rb:332:in `block in run'
puma (3.12.0) lib/puma/thread_pool.rb:133:in `block in spawn_thread'
Started GET "/" for 127.0.0.1 at 2018-09-12 11:09:44 -0500
Processing by IndexController#index as HTML
  Rendering index/index.html.erb within layouts/application
  Rendered index/index.html.erb within layouts/application (1.0ms)
  Rendered index/_header.html.erb (1.0ms)
  Rendered index/_footer.html.erb (0.0ms)
Completed 200 OK in 382ms (Views: 333.9ms)


Started GET "/app/assets/images/HeartCloud.jpg" for 127.0.0.1 at 2018-09-12 11:09:45 -0500
  
ActionController::RoutingError (No route matches [GET] "/app/assets/images/HeartCloud.jpg"):
  
actionpack (5.1.6) lib/action_dispatch/middleware/debug_exceptions.rb:63:in `call'
web-console (3.6.2) lib/web_console/middleware.rb:135:in `call_app'
web-console (3.6.2) lib/web_console/middleware.rb:30:in `block in call'
web-console (3.6.2) lib/web_console/middleware.rb:20:in `catch'
web-console (3.6.2) lib/web_console/middleware.rb:20:in `call'
actionpack (5.1.6) lib/action_dispatch/middleware/show_exceptions.rb:31:in `call'
railties (5.1.6) lib/rails/rack/logger.rb:36:in `call_app'
railties (5.1.6) lib/rails/rack/logger.rb:24:in `block in call'
activesupport (5.1.6) lib/active_support/tagged_logging.rb:69:in `block in tagged'
activesupport (5.1.6) lib/active_support/tagged_logging.rb:26:in `tagged'
activesupport (5.1.6) lib/active_support/tagged_logging.rb:69:in `tagged'
railties (5.1.6) lib/rails/rack/logger.rb:24:in `call'
sprockets-rails (3.2.1) lib/sprockets/rails/quiet_assets.rb:13:in `call'
actionpack (5.1.6) lib/action_dispatch/middleware/remote_ip.rb:79:in `call'
actionpack (5.1.6) lib/action_dispatch/middleware/request_id.rb:25:in `call'
rack (2.0.5) lib/rack/method_override.rb:22:in `call'
rack (2.0.5) lib/rack/runtime.rb:22:in `call'
activesupport (5.1.6) lib/active_support/cache/strategy/local_cache_middleware.rb:27:in `call'
actionpack (5.1.6) lib/action_dispatch/middleware/executor.rb:12:in `call'
actionpack (5.1.6) lib/action_dispatch/middleware/static.rb:125:in `call'
rack (2.0.5) lib/rack/sendfile.rb:111:in `call'
railties (5.1.6) lib/rails/engine.rb:522:in `call'
puma (3.12.0) lib/puma/configuration.rb:225:in `call'
puma (3.12.0) lib/puma/server.rb:658:in `handle_request'
puma (3.12.0) lib/puma/server.rb:472:in `process_client'
puma (3.12.0) lib/puma/server.rb:332:in `block in run'
puma (3.12.0) lib/puma/thread_pool.rb:133:in `block in spawn_thread'
Started GET "/" for 127.0.0.1 at 2018-09-12 11:10:32 -0500
Processing by IndexController#index as HTML
  Rendering index/index.html.erb within layouts/application
  Rendered index/index.html.erb within layouts/application (0.0ms)
  Rendered index/_header.html.erb (1.0ms)
  Rendered index/_footer.html.erb (0.0ms)
Completed 200 OK in 373ms (Views: 329.0ms)


Started GET "/app/assets/images/HeartCloud.jpg" for 127.0.0.1 at 2018-09-12 11:10:32 -0500
  
ActionController::RoutingError (No route matches [GET] "/app/assets/images/HeartCloud.jpg"):
  
actionpack (5.1.6) lib/action_dispatch/middleware/debug_exceptions.rb:63:in `call'
web-console (3.6.2) lib/web_console/middleware.rb:135:in `call_app'
web-console (3.6.2) lib/web_console/middleware.rb:30:in `block in call'
web-console (3.6.2) lib/web_console/middleware.rb:20:in `catch'
web-console (3.6.2) lib/web_console/middleware.rb:20:in `call'
actionpack (5.1.6) lib/action_dispatch/middleware/show_exceptions.rb:31:in `call'
railties (5.1.6) lib/rails/rack/logger.rb:36:in `call_app'
railties (5.1.6) lib/rails/rack/logger.rb:24:in `block in call'
activesupport (5.1.6) lib/active_support/tagged_logging.rb:69:in `block in tagged'
activesupport (5.1.6) lib/active_support/tagged_logging.rb:26:in `tagged'
activesupport (5.1.6) lib/active_support/tagged_logging.rb:69:in `tagged'
railties (5.1.6) lib/rails/rack/logger.rb:24:in `call'
sprockets-rails (3.2.1) lib/sprockets/rails/quiet_assets.rb:13:in `call'
actionpack (5.1.6) lib/action_dispatch/middleware/remote_ip.rb:79:in `call'
actionpack (5.1.6) lib/action_dispatch/middleware/request_id.rb:25:in `call'
rack (2.0.5) lib/rack/method_override.rb:22:in `call'
rack (2.0.5) lib/rack/runtime.rb:22:in `call'
activesupport (5.1.6) lib/active_support/cache/strategy/local_cache_middleware.rb:27:in `call'
actionpack (5.1.6) lib/action_dispatch/middleware/executor.rb:12:in `call'
actionpack (5.1.6) lib/action_dispatch/middleware/static.rb:125:in `call'
rack (2.0.5) lib/rack/sendfile.rb:111:in `call'
railties (5.1.6) lib/rails/engine.rb:522:in `call'
puma (3.12.0) lib/puma/configuration.rb:225:in `call'
puma (3.12.0) lib/puma/server.rb:658:in `handle_request'
puma (3.12.0) lib/puma/server.rb:472:in `process_client'
puma (3.12.0) lib/puma/server.rb:332:in `block in run'
puma (3.12.0) lib/puma/thread_pool.rb:133:in `block in spawn_thread'
Started GET "/" for 127.0.0.1 at 2018-09-12 11:11:18 -0500
Processing by IndexController#index as HTML
  Rendering index/index.html.erb within layouts/application
  Rendered index/index.html.erb within layouts/application (2.0ms)
  Rendered index/_header.html.erb (1.0ms)
  Rendered index/_footer.html.erb (0.0ms)
Completed 200 OK in 1743ms (Views: 1379.9ms)


Started GET "/app/assets/images/HeartCloud.jpg" for 127.0.0.1 at 2018-09-12 11:11:31 -0500
  
ActionController::RoutingError (No route matches [GET] "/app/assets/images/HeartCloud.jpg"):
  
actionpack (5.1.6) lib/action_dispatch/middleware/debug_exceptions.rb:63:in `call'
web-console (3.6.2) lib/web_console/middleware.rb:135:in `call_app'
web-console (3.6.2) lib/web_console/middleware.rb:30:in `block in call'
web-console (3.6.2) lib/web_console/middleware.rb:20:in `catch'
web-console (3.6.2) lib/web_console/middleware.rb:20:in `call'
actionpack (5.1.6) lib/action_dispatch/middleware/show_exceptions.rb:31:in `call'
railties (5.1.6) lib/rails/rack/logger.rb:36:in `call_app'
railties (5.1.6) lib/rails/rack/logger.rb:24:in `block in call'
activesupport (5.1.6) lib/active_support/tagged_logging.rb:69:in `block in tagged'
activesupport (5.1.6) lib/active_support/tagged_logging.rb:26:in `tagged'
activesupport (5.1.6) lib/active_support/tagged_logging.rb:69:in `tagged'
railties (5.1.6) lib/rails/rack/logger.rb:24:in `call'
sprockets-rails (3.2.1) lib/sprockets/rails/quiet_assets.rb:13:in `call'
actionpack (5.1.6) lib/action_dispatch/middleware/remote_ip.rb:79:in `call'
actionpack (5.1.6) lib/action_dispatch/middleware/request_id.rb:25:in `call'
rack (2.0.5) lib/rack/method_override.rb:22:in `call'
rack (2.0.5) lib/rack/runtime.rb:22:in `call'
activesupport (5.1.6) lib/active_support/cache/strategy/local_cache_middleware.rb:27:in `call'
actionpack (5.1.6) lib/action_dispatch/middleware/executor.rb:12:in `call'
actionpack (5.1.6) lib/action_dispatch/middleware/static.rb:125:in `call'
rack (2.0.5) lib/rack/sendfile.rb:111:in `call'
railties (5.1.6) lib/rails/engine.rb:522:in `call'
puma (3.12.0) lib/puma/configuration.rb:225:in `call'
puma (3.12.0) lib/puma/server.rb:658:in `handle_request'
puma (3.12.0) lib/puma/server.rb:472:in `process_client'
puma (3.12.0) lib/puma/server.rb:332:in `block in run'
puma (3.12.0) lib/puma/thread_pool.rb:133:in `block in spawn_thread'
